#
# There is insufficient memory for the Java Runtime Environment to continue.
# Native memory allocation (malloc) failed to allocate 1050096 bytes for Chunk::new
# Possible reasons:
#   The system is out of physical RAM or swap space
#   In 32 bit mode, the process size limit was hit
# Possible solutions:
#   Reduce memory load on the system
#   Increase physical memory or swap space
#   Check if swap backing store is full
#   Use 64 bit Java on a 64 bit OS
#   Decrease Java heap size (-Xmx/-Xms)
#   Decrease number of Java threads
#   Decrease Java thread stack sizes (-Xss)
#   Set larger code cache with -XX:ReservedCodeCacheSize=
# This output file may be truncated or incomplete.
#
#  Out of Memory Error (allocation.cpp:390), pid=8680, tid=0x0000000000003730
#
# JRE version: OpenJDK Runtime Environment (8.0_152-b01) (build 1.8.0_152-release-915-b01)
# Java VM: OpenJDK 64-Bit Server VM (25.152-b01 mixed mode windows-amd64 compressed oops)
# Failed to write core dump. Minidumps are not enabled by default on client versions of Windows
#

---------------  T H R E A D  ---------------

Current thread (0x000000001664d800):  JavaThread "C2 CompilerThread1" daemon [_thread_in_native, id=14128, stack(0x0000000017d90000,0x0000000017e90000)]

Stack: [0x0000000017d90000,0x0000000017e90000]
[error occurred during error reporting (printing stack bounds), id 0xc0000005]

Native frames: (J=compiled Java code, j=interpreted, Vv=VM code, C=native code)


Current CompileTask:
C2:4526753 22140   !   4       com.sun.tools.javac.comp.Flow$FlowAnalyzer::visitClassDef (631 bytes)


---------------  P R O C E S S  ---------------

Java Threads: ( => current thread )
  0x000000001b55a000 JavaThread "Cache worker for Java compile cache (C:\Users\17010233\AndroidStudioProjects\Portfolio\MenuTest\.gradle\4.1\javaCompile)" [_thread_blocked, id=3736, stack(0x0000000044dc0000,0x0000000044ec0000)]
  0x000000001c8e8000 JavaThread "Task worker for ':' Thread 3" [_thread_in_native, id=14508, stack(0x00000000432c0000,0x00000000433c0000)]
  0x000000001c8ef000 JavaThread "Task worker for ':' Thread 2" [_thread_blocked, id=13924, stack(0x00000000431c0000,0x00000000432c0000)]
  0x000000001c8ed800 JavaThread "Task worker for ':'" [_thread_blocked, id=14888, stack(0x00000000430c0000,0x00000000431c0000)]
  0x000000001c8e6000 JavaThread "Cache worker for task history cache (C:\Users\17010233\AndroidStudioProjects\Portfolio\MenuTest\.gradle\4.1\taskHistory)" [_thread_blocked, id=14320, stack(0x0000000042fc0000,0x00000000430c0000)]
  0x000000001c8e3800 JavaThread "Cache worker for file content cache (C:\Users\17010233\AndroidStudioProjects\Portfolio\MenuTest\.gradle\4.1\fileContent)" [_thread_blocked, id=14156, stack(0x0000000042ec0000,0x0000000042fc0000)]
  0x000000001c8e4800 JavaThread "build operations Thread 4" [_thread_blocked, id=5968, stack(0x0000000042dc0000,0x0000000042ec0000)]
  0x000000001c8e7800 JavaThread "build operations Thread 3" [_thread_blocked, id=7152, stack(0x0000000042cc0000,0x0000000042dc0000)]
  0x000000001c8ea800 JavaThread "build operations Thread 2" [_thread_blocked, id=4272, stack(0x0000000042bc0000,0x0000000042cc0000)]
  0x000000001dfa4800 JavaThread "build operations" [_thread_blocked, id=5040, stack(0x0000000042ac0000,0x0000000042bc0000)]
  0x000000001dfa4000 JavaThread "Cache worker for Artifact transforms cache (C:\Users\17010233\.gradle\caches\transforms-1)" [_thread_blocked, id=6200, stack(0x00000000429c0000,0x0000000042ac0000)]
  0x000000001dfa1800 JavaThread "Cache worker for file hash cache (C:\Users\17010233\AndroidStudioProjects\Portfolio\MenuTest\.gradle\4.1\fileHashes)" [_thread_blocked, id=5652, stack(0x00000000428c0000,0x00000000429c0000)]
  0x000000001dfa6000 JavaThread "Stdin handler" [_thread_blocked, id=14760, stack(0x00000000427c0000,0x00000000428c0000)]
  0x000000001dfa5800 JavaThread "Asynchronous log dispatcher for DefaultDaemonConnection: socket connection from /127.0.0.1:49939 to /127.0.0.1:52030" [_thread_blocked, id=13884, stack(0x00000000426c0000,0x00000000427c0000)]
  0x000000001df99000 JavaThread "Daemon worker Thread 9" [_thread_blocked, id=14420, stack(0x00000000425c0000,0x00000000426c0000)]
  0x000000001df9d800 JavaThread "Cancel handler" [_thread_blocked, id=8300, stack(0x00000000424c0000,0x00000000425c0000)]
  0x000000001df9d000 JavaThread "Handler for socket connection from /127.0.0.1:49939 to /127.0.0.1:52030" [_thread_in_native, id=12912, stack(0x00000000423c0000,0x00000000424c0000)]
  0x000000001df9e800 JavaThread "Daemon Thread 9" [_thread_blocked, id=1268, stack(0x00000000422c0000,0x00000000423c0000)]
  0x000000001c8e9000 JavaThread "Memory manager" [_thread_blocked, id=13608, stack(0x0000000020b50000,0x0000000020c50000)]
  0x0000000019bb7000 JavaThread "File lock request listener" [_thread_in_native, id=2172, stack(0x000000001aee0000,0x000000001afe0000)]
  0x0000000019313000 JavaThread "Cache worker for file hash cache (C:\Users\17010233\.gradle\caches\4.1\fileHashes)" [_thread_blocked, id=13316, stack(0x000000001ade0000,0x000000001aee0000)]
  0x0000000018fbe000 JavaThread "Daemon periodic checks" [_thread_blocked, id=14072, stack(0x000000001a4e0000,0x000000001a5e0000)]
  0x0000000018fbc000 JavaThread "Incoming local TCP Connector on port 49939" [_thread_in_native, id=7288, stack(0x000000001a2a0000,0x000000001a3a0000)]
  0x0000000017fb8800 JavaThread "Service Thread" daemon [_thread_blocked, id=10200, stack(0x0000000018390000,0x0000000018490000)]
  0x0000000016651000 JavaThread "C1 CompilerThread2" daemon [_thread_blocked, id=12860, stack(0x0000000017e90000,0x0000000017f90000)]
=>0x000000001664d800 JavaThread "C2 CompilerThread1" daemon [_thread_in_native, id=14128, stack(0x0000000017d90000,0x0000000017e90000)]
  0x0000000016659000 JavaThread "C2 CompilerThread0" daemon [_thread_blocked, id=14588, stack(0x0000000017c90000,0x0000000017d90000)]
  0x0000000016658000 JavaThread "Attach Listener" daemon [_thread_blocked, id=6268, stack(0x0000000017b90000,0x0000000017c90000)]
  0x0000000016657000 JavaThread "Signal Dispatcher" daemon [_thread_blocked, id=14792, stack(0x0000000017a90000,0x0000000017b90000)]
  0x0000000002c2c000 JavaThread "Finalizer" daemon [_thread_blocked, id=15212, stack(0x00000000178a0000,0x00000000179a0000)]
  0x0000000002c21000 JavaThread "Reference Handler" daemon [_thread_blocked, id=11880, stack(0x00000000177a0000,0x00000000178a0000)]
  0x0000000002cde000 JavaThread "main" [_thread_blocked, id=6344, stack(0x0000000002980000,0x0000000002a80000)]

Other Threads:
  0x0000000016614800 VMThread [stack: 0x00000000176a0000,0x00000000177a0000] [id=14132]
  0x00000000166ad800 WatcherThread [stack: 0x0000000018490000,0x0000000018590000] [id=6300]

VM state:not at safepoint (normal execution)

VM Mutex/Monitor currently owned by a thread: None

Heap:
 PSYoungGen      total 352256K, used 36608K [0x00000000e0000000, 0x00000000fd000000, 0x0000000100000000)
  eden space 285696K, 3% used [0x00000000e0000000,0x00000000e09c7918,0x00000000f1700000)
  from space 66560K, 39% used [0x00000000f1700000,0x00000000f30f88c8,0x00000000f5800000)
  to   space 63488K, 0% used [0x00000000f9200000,0x00000000f9200000,0x00000000fd000000)
 ParOldGen       total 165888K, used 86653K [0x00000000a0000000, 0x00000000aa200000, 0x00000000e0000000)
  object space 165888K, 52% used [0x00000000a0000000,0x00000000a549f780,0x00000000aa200000)
 Metaspace       used 82529K, capacity 88850K, committed 89048K, reserved 1126400K
  class space    used 10515K, capacity 11937K, committed 12032K, reserved 1048576K

Card table byte_map: [0x00000000120a0000,0x00000000123b0000] byte_map_base: 0x0000000011ba0000

Marking Bits: (ParMarkBitMap*) 0x00000000641c3950
 Begin Bits: [0x00000000129b0000, 0x00000000141b0000)
 End Bits:   [0x00000000141b0000, 0x00000000159b0000)

Polling page: 0x0000000000b70000

CodeCache: size=245760Kb used=62030Kb max_used=62043Kb free=183729Kb
 bounds [0x0000000002ce0000, 0x00000000069e0000, 0x0000000011ce0000]
 total_blobs=18163 nmethods=17317 adapters=757
 compilation: enabled

Compilation events (10 events):
Event: 4524.651 Thread 0x000000001664d800 nmethod 22133% 0x00000000069d1c90 code [0x00000000069d2180, 0x00000000069d5620]
Event: 4524.700 Thread 0x0000000016651000 22137       3       com.sun.tools.javac.jvm.Code::fillExceptionParameterPositions (132 bytes)
Event: 4524.703 Thread 0x0000000016651000 nmethod 22137 0x00000000069d0190 code [0x00000000069d03e0, 0x00000000069d13d8]
Event: 4524.729 Thread 0x0000000016651000 22138       3       com.sun.tools.javac.code.Symbol::setTypeAttributes (42 bytes)
Event: 4524.730 Thread 0x0000000016651000 nmethod 22138 0x00000000069cf850 code [0x00000000069cfa00, 0x00000000069cff98]
Event: 4525.116 Thread 0x0000000016659000 22139       4       com.sun.tools.javac.code.Type$ArrayType::accept (9 bytes)
Event: 4525.117 Thread 0x0000000016659000 nmethod 22139 0x0000000004be0ad0 code [0x0000000004be0c00, 0x0000000004be0c78]
Event: 4525.140 Thread 0x000000001664d800 22140   !   4       com.sun.tools.javac.comp.Flow$FlowAnalyzer::visitClassDef (631 bytes)
Event: 4525.141 Thread 0x0000000016651000 22141       3       com.sun.tools.javac.comp.Lower$1::visitMethodDef (28 bytes)
Event: 4525.142 Thread 0x0000000016651000 nmethod 22141 0x00000000069cf250 code [0x00000000069cf3e0, 0x00000000069cf6d8]

GC Heap History (10 events):
Event: 959.600 GC heap before
{Heap before GC invocations=36 (full 3):
 PSYoungGen      total 262144K, used 227548K [0x00000000e0000000, 0x00000000f4e00000, 0x0000000100000000)
  eden space 188416K, 99% used [0x00000000e0000000,0x00000000eb79bab8,0x00000000eb800000)
  from space 73728K, 53% used [0x00000000efe80000,0x00000000f251b888,0x00000000f4680000)
  to   space 72192K, 0% used [0x00000000eb800000,0x00000000eb800000,0x00000000efe80000)
 ParOldGen       total 165888K, used 57452K [0x00000000a0000000, 0x00000000aa200000, 0x00000000e0000000)
  object space 165888K, 34% used [0x00000000a0000000,0x00000000a381b3d8,0x00000000aa200000)
 Metaspace       used 81543K, capacity 87236K, committed 87384K, reserved 1124352K
  class space    used 10412K, capacity 11638K, committed 11648K, reserved 1048576K
Event: 959.639 GC heap after
Heap after GC invocations=36 (full 3):
 PSYoungGen      total 260608K, used 35092K [0x00000000e0000000, 0x00000000f6800000, 0x0000000100000000)
  eden space 188416K, 0% used [0x00000000e0000000,0x00000000e0000000,0x00000000eb800000)
  from space 72192K, 48% used [0x00000000eb800000,0x00000000eda453f8,0x00000000efe80000)
  to   space 68608K, 0% used [0x00000000f2500000,0x00000000f2500000,0x00000000f6800000)
 ParOldGen       total 165888K, used 58180K [0x00000000a0000000, 0x00000000aa200000, 0x00000000e0000000)
  object space 165888K, 35% used [0x00000000a0000000,0x00000000a38d1250,0x00000000aa200000)
 Metaspace       used 81543K, capacity 87236K, committed 87384K, reserved 1124352K
  class space    used 10412K, capacity 11638K, committed 11648K, reserved 1048576K
}
Event: 959.672 GC heap before
{Heap before GC invocations=37 (full 3):
 PSYoungGen      total 260608K, used 222818K [0x00000000e0000000, 0x00000000f6800000, 0x0000000100000000)
  eden space 188416K, 99% used [0x00000000e0000000,0x00000000eb753548,0x00000000eb800000)
  from space 72192K, 48% used [0x00000000eb800000,0x00000000eda453f8,0x00000000efe80000)
  to   space 68608K, 0% used [0x00000000f2500000,0x00000000f2500000,0x00000000f6800000)
 ParOldGen       total 165888K, used 58180K [0x00000000a0000000, 0x00000000aa200000, 0x00000000e0000000)
  object space 165888K, 35% used [0x00000000a0000000,0x00000000a38d1250,0x00000000aa200000)
 Metaspace       used 81543K, capacity 87236K, committed 87384K, reserved 1124352K
  class space    used 10412K, capacity 11638K, committed 11648K, reserved 1048576K
Event: 959.719 GC heap after
Heap after GC invocations=37 (full 3):
 PSYoungGen      total 299008K, used 26932K [0x00000000e0000000, 0x00000000f6580000, 0x0000000100000000)
  eden space 232960K, 0% used [0x00000000e0000000,0x00000000e0000000,0x00000000ee380000)
  from space 66048K, 40% used [0x00000000f2500000,0x00000000f3f4d3d8,0x00000000f6580000)
  to   space 66560K, 0% used [0x00000000ee380000,0x00000000ee380000,0x00000000f2480000)
 ParOldGen       total 165888K, used 66294K [0x00000000a0000000, 0x00000000aa200000, 0x00000000e0000000)
  object space 165888K, 39% used [0x00000000a0000000,0x00000000a40bd930,0x00000000aa200000)
 Metaspace       used 81543K, capacity 87236K, committed 87384K, reserved 1124352K
  class space    used 10412K, capacity 11638K, committed 11648K, reserved 1048576K
}
Event: 4064.961 GC heap before
{Heap before GC invocations=38 (full 3):
 PSYoungGen      total 299008K, used 259892K [0x00000000e0000000, 0x00000000f6580000, 0x0000000100000000)
  eden space 232960K, 100% used [0x00000000e0000000,0x00000000ee380000,0x00000000ee380000)
  from space 66048K, 40% used [0x00000000f2500000,0x00000000f3f4d3d8,0x00000000f6580000)
  to   space 66560K, 0% used [0x00000000ee380000,0x00000000ee380000,0x00000000f2480000)
 ParOldGen       total 165888K, used 66294K [0x00000000a0000000, 0x00000000aa200000, 0x00000000e0000000)
  object space 165888K, 39% used [0x00000000a0000000,0x00000000a40bd930,0x00000000aa200000)
 Metaspace       used 81874K, capacity 87730K, committed 88024K, reserved 1126400K
  class space    used 10443K, capacity 11727K, committed 11776K, reserved 1048576K
Event: 4065.087 GC heap after
Heap after GC invocations=38 (full 3):
 PSYoungGen      total 299520K, used 12364K [0x00000000e0000000, 0x00000000f9b80000, 0x0000000100000000)
  eden space 232960K, 0% used [0x00000000e0000000,0x00000000e0000000,0x00000000ee380000)
  from space 66560K, 18% used [0x00000000ee380000,0x00000000eef930c0,0x00000000f2480000)
  to   space 67072K, 0% used [0x00000000f5a00000,0x00000000f5a00000,0x00000000f9b80000)
 ParOldGen       total 165888K, used 79272K [0x00000000a0000000, 0x00000000aa200000, 0x00000000e0000000)
  object space 165888K, 47% used [0x00000000a0000000,0x00000000a4d6a118,0x00000000aa200000)
 Metaspace       used 81874K, capacity 87730K, committed 88024K, reserved 1126400K
  class space    used 10443K, capacity 11727K, committed 11776K, reserved 1048576K
}
Event: 4419.591 GC heap before
{Heap before GC invocations=39 (full 3):
 PSYoungGen      total 299520K, used 245324K [0x00000000e0000000, 0x00000000f9b80000, 0x0000000100000000)
  eden space 232960K, 100% used [0x00000000e0000000,0x00000000ee380000,0x00000000ee380000)
  from space 66560K, 18% used [0x00000000ee380000,0x00000000eef930c0,0x00000000f2480000)
  to   space 67072K, 0% used [0x00000000f5a00000,0x00000000f5a00000,0x00000000f9b80000)
 ParOldGen       total 165888K, used 79272K [0x00000000a0000000, 0x00000000aa200000, 0x00000000e0000000)
  object space 165888K, 47% used [0x00000000a0000000,0x00000000a4d6a118,0x00000000aa200000)
 Metaspace       used 82219K, capacity 88274K, committed 88408K, reserved 1126400K
  class space    used 10480K, capacity 11853K, committed 11904K, reserved 1048576K
Event: 4419.681 GC heap after
Heap after GC invocations=39 (full 3):
 PSYoungGen      total 350208K, used 11584K [0x00000000e0000000, 0x00000000f9900000, 0x0000000100000000)
  eden space 285696K, 0% used [0x00000000e0000000,0x00000000e0000000,0x00000000f1700000)
  from space 64512K, 17% used [0x00000000f5a00000,0x00000000f6550000,0x00000000f9900000)
  to   space 66560K, 0% used [0x00000000f1700000,0x00000000f1700000,0x00000000f5800000)
 ParOldGen       total 165888K, used 85561K [0x00000000a0000000, 0x00000000aa200000, 0x00000000e0000000)
  object space 165888K, 51% used [0x00000000a0000000,0x00000000a538e710,0x00000000aa200000)
 Metaspace       used 82219K, capacity 88274K, committed 88408K, reserved 1126400K
  class space    used 10480K, capacity 11853K, committed 11904K, reserved 1048576K
}
Event: 4523.451 GC heap before
{Heap before GC invocations=40 (full 3):
 PSYoungGen      total 350208K, used 297280K [0x00000000e0000000, 0x00000000f9900000, 0x0000000100000000)
  eden space 285696K, 100% used [0x00000000e0000000,0x00000000f1700000,0x00000000f1700000)
  from space 64512K, 17% used [0x00000000f5a00000,0x00000000f6550000,0x00000000f9900000)
  to   space 66560K, 0% used [0x00000000f1700000,0x00000000f1700000,0x00000000f5800000)
 ParOldGen       total 165888K, used 85561K [0x00000000a0000000, 0x00000000aa200000, 0x00000000e0000000)
  object space 165888K, 51% used [0x00000000a0000000,0x00000000a538e710,0x00000000aa200000)
 Metaspace       used 82508K, capacity 88850K, committed 89048K, reserved 1126400K
  class space    used 10515K, capacity 11937K, committed 12032K, reserved 1048576K
Event: 4523.566 GC heap after
Heap after GC invocations=40 (full 3):
 PSYoungGen      total 352256K, used 26594K [0x00000000e0000000, 0x00000000fd000000, 0x0000000100000000)
  eden space 285696K, 0% used [0x00000000e0000000,0x00000000e0000000,0x00000000f1700000)
  from space 66560K, 39% used [0x00000000f1700000,0x00000000f30f88c8,0x00000000f5800000)
  to   space 63488K, 0% used [0x00000000f9200000,0x00000000f9200000,0x00000000fd000000)
 ParOldGen       total 165888K, used 86653K [0x00000000a0000000, 0x00000000aa200000, 0x00000000e0000000)
  object space 165888K, 52% used [0x00000000a0000000,0x00000000a549f780,0x00000000aa200000)
 Metaspace       used 82508K, capacity 88850K, committed 89048K, reserved 1126400K
  class space    used 10515K, capacity 11937K, committed 12032K, reserved 1048576K
}

Deoptimization events (10 events):
Event: 4226.962 Thread 0x000000001df9d800 Uncommon trap: reason=bimorphic action=maybe_recompile pc=0x00000000061302b0 method=com.sun.org.apache.xerces.internal.dom.ElementImpl.getAttributes()Lorg/w3c/dom/NamedNodeMap; @ 8
Event: 4230.716 Thread 0x000000001b55a000 Uncommon trap: reason=class_check action=maybe_recompile pc=0x0000000004e59db4 method=com.google.gson.stream.JsonWriter.string(Ljava/lang/String;)V @ 117
Event: 4230.733 Thread 0x000000001dfa1800 Uncommon trap: reason=class_check action=maybe_recompile pc=0x000000000606c164 method=org.gradle.internal.serialize.ExceptionReplacingObjectOutputStream.doReplaceObject(Ljava/lang/Object;)Ljava/lang/Object; @ 12
Event: 4230.787 Thread 0x000000001df9d800 Uncommon trap: reason=class_check action=maybe_recompile pc=0x00000000059f54d8 method=java.util.Formatter$FormatSpecifier.print(Ljava/lang/Object;Ljava/util/Locale;)V @ 201
Event: 4230.787 Thread 0x000000001df9d800 Uncommon trap: reason=bimorphic action=maybe_recompile pc=0x0000000003823b5c method=org.gradle.internal.logging.text.AbstractStyledTextOutput.text(Ljava/lang/Object;)Lorg/gradle/internal/logging/text/StyledTextOutput; @ 11
Event: 4420.352 Thread 0x000000001c8e6000 Uncommon trap: reason=bimorphic action=maybe_recompile pc=0x00000000061302b0 method=com.sun.org.apache.xerces.internal.dom.ElementImpl.getAttributes()Lorg/w3c/dom/NamedNodeMap; @ 8
Event: 4421.209 Thread 0x000000001c8e6000 Uncommon trap: reason=class_check action=maybe_recompile pc=0x00000000054bfbd8 method=com.android.ide.common.res2.NodeUtils.processSingleNodeNamespace(Lorg/w3c/dom/Node;Lorg/w3c/dom/Document;)Z @ 100
Event: 4422.934 Thread 0x000000002527a000 Uncommon trap: reason=class_check action=maybe_recompile pc=0x0000000004e59db4 method=com.google.gson.stream.JsonWriter.string(Ljava/lang/String;)V @ 117
Event: 4422.945 Thread 0x000000001c8e3800 Uncommon trap: reason=class_check action=maybe_recompile pc=0x000000000606c164 method=org.gradle.internal.serialize.ExceptionReplacingObjectOutputStream.doReplaceObject(Ljava/lang/Object;)Ljava/lang/Object; @ 12
Event: 4517.563 Thread 0x000000001df99000 Uncommon trap: reason=bimorphic action=maybe_recompile pc=0x00000000061302b0 method=com.sun.org.apache.xerces.internal.dom.ElementImpl.getAttributes()Lorg/w3c/dom/NamedNodeMap; @ 8

Classes redefined (0 events):
No events

Internal exceptions (10 events):
Event: 4073.199 Thread 0x000000001b55b000 Exception <a 'java/lang/NoSuchMethodError': <clinit>> (0x00000000e43ce6b0) thrown at [D:\src\AOSP-openjdk-cygwin\jdk8u\hotspot\src\share\vm\prims\jni.cpp, line 1613]
Event: 4073.199 Thread 0x000000001b55b000 Exception <a 'java/lang/NoSuchMethodError': <clinit>> (0x00000000e43cf978) thrown at [D:\src\AOSP-openjdk-cygwin\jdk8u\hotspot\src\share\vm\prims\jni.cpp, line 1613]
Event: 4225.543 Thread 0x000000001df9d800 Exception <a 'java/lang/ClassNotFoundException': sync_local_repo1394_12dj6q29a3patphg4r4x2u5upBeanInfo> (0x00000000e4b593f8) thrown at [D:\src\AOSP-openjdk-cygwin\jdk8u\hotspot\src\share\vm\classfile\systemDictionary.cpp, line 210]
Event: 4225.543 Thread 0x000000001df9d800 Exception <a 'java/lang/ClassNotFoundException': sync_local_repo1394_12dj6q29a3patphg4r4x2u5upCustomizer> (0x00000000e4b63ca8) thrown at [D:\src\AOSP-openjdk-cygwin\jdk8u\hotspot\src\share\vm\classfile\systemDictionary.cpp, line 210]
Event: 4230.887 Thread 0x000000001df9d800 Exception <a 'sun/nio/fs/WindowsException'> (0x00000000ec95d050) thrown at [D:\src\AOSP-openjdk-cygwin\jdk8u\hotspot\src\share\vm\prims\jni.cpp, line 709]
Event: 4419.270 Thread 0x000000001c8e6000 Exception <a 'java/lang/ClassNotFoundException': sync_local_repo4257_43eowvi3xu1r2uti6fedkzw3wBeanInfo> (0x00000000ed0d0e80) thrown at [D:\src\AOSP-openjdk-cygwin\jdk8u\hotspot\src\share\vm\classfile\systemDictionary.cpp, line 210]
Event: 4419.270 Thread 0x000000001c8e6000 Exception <a 'java/lang/ClassNotFoundException': sync_local_repo4257_43eowvi3xu1r2uti6fedkzw3wCustomizer> (0x00000000ed0db730) thrown at [D:\src\AOSP-openjdk-cygwin\jdk8u\hotspot\src\share\vm\classfile\systemDictionary.cpp, line 210]
Event: 4423.069 Thread 0x000000001c8e6000 Exception <a 'sun/nio/fs/WindowsException'> (0x00000000e6ad8e08) thrown at [D:\src\AOSP-openjdk-cygwin\jdk8u\hotspot\src\share\vm\prims\jni.cpp, line 709]
Event: 4516.793 Thread 0x000000001df99000 Exception <a 'java/lang/ClassNotFoundException': sync_local_repo2068_b2820xgifh9eb8x14f9dx85q3BeanInfo> (0x00000000e734e6a0) thrown at [D:\src\AOSP-openjdk-cygwin\jdk8u\hotspot\src\share\vm\classfile\systemDictionary.cpp, line 210]
Event: 4516.794 Thread 0x000000001df99000 Exception <a 'java/lang/ClassNotFoundException': sync_local_repo2068_b2820xgifh9eb8x14f9dx85q3Customizer> (0x00000000e7358f50) thrown at [D:\src\AOSP-openjdk-cygwin\jdk8u\hotspot\src\share\vm\classfile\systemDictionary.cpp, line 210]

Events (10 events):
Event: 4523.571 Executing VM operation: RevokeBias done
Event: 4523.572 Executing VM operation: RevokeBias
Event: 4523.572 Executing VM operation: RevokeBias done
Event: 4523.572 Executing VM operation: RevokeBias
Event: 4523.572 Executing VM operation: RevokeBias done
Event: 4523.595 Thread 0x000000001664d800 flushing nmethod 0x00000000038a0810
Event: 4523.853 Thread 0x000000001c8e8000 DEOPT PACKING pc=0x000000000469917a sp=0x00000000433bc860
Event: 4523.854 Thread 0x000000001c8e8000 DEOPT UNPACKING pc=0x0000000002d275bf sp=0x00000000433bc5f0 mode 0
Event: 4525.140 Thread 0x000000001c8e8000 DEOPT PACKING pc=0x00000000046b63c0 sp=0x00000000433bc720
Event: 4525.140 Thread 0x000000001c8e8000 DEOPT UNPACKING pc=0x0000000002d275bf sp=0x00000000433bc4d8 mode 0


Dynamic libraries:
0x00007ff72aee0000 - 0x00007ff72af11000 	C:\Program Files\Android\Android Studio\jre\bin\java.exe
0x00007ffbcc520000 - 0x00007ffbcc701000 	C:\WINDOWS\SYSTEM32\ntdll.dll
0x00007ffbcc170000 - 0x00007ffbcc222000 	C:\WINDOWS\System32\KERNEL32.DLL
0x00007ffbc9620000 - 0x00007ffbc9893000 	C:\WINDOWS\System32\KERNELBASE.dll
0x00007ffbcc2b0000 - 0x00007ffbcc351000 	C:\WINDOWS\System32\ADVAPI32.dll
0x00007ffbca960000 - 0x00007ffbca9fe000 	C:\WINDOWS\System32\msvcrt.dll
0x00007ffbcab80000 - 0x00007ffbcabdb000 	C:\WINDOWS\System32\sechost.dll
0x00007ffbc9c20000 - 0x00007ffbc9d44000 	C:\WINDOWS\System32\RPCRT4.dll
0x00007ffbca760000 - 0x00007ffbca8f0000 	C:\WINDOWS\System32\USER32.dll
0x00007ffbc98f0000 - 0x00007ffbc9910000 	C:\WINDOWS\System32\win32u.dll
0x00007ffbcc360000 - 0x00007ffbcc388000 	C:\WINDOWS\System32\GDI32.dll
0x00007ffbc8950000 - 0x00007ffbc8ae2000 	C:\WINDOWS\System32\gdi32full.dll
0x00007ffbc9910000 - 0x00007ffbc99af000 	C:\WINDOWS\System32\msvcp_win.dll
0x00007ffbc8af0000 - 0x00007ffbc8bea000 	C:\WINDOWS\System32\ucrtbase.dll
0x00007ffbb7c10000 - 0x00007ffbb7e79000 	C:\WINDOWS\WinSxS\amd64_microsoft.windows.common-controls_6595b64144ccf1df_6.0.17134.523_none_fb409dd930672a56\COMCTL32.dll
0x00007ffbca3c0000 - 0x00007ffbca6e2000 	C:\WINDOWS\System32\combase.dll
0x00007ffbc8ca0000 - 0x00007ffbc8d1a000 	C:\WINDOWS\System32\bcryptPrimitives.dll
0x00007ffbc9ea0000 - 0x00007ffbc9ecd000 	C:\WINDOWS\System32\IMM32.DLL
0x0000000063840000 - 0x0000000063912000 	C:\Program Files\Android\Android Studio\jre\jre\bin\msvcr100.dll
0x0000000063a00000 - 0x000000006423e000 	C:\Program Files\Android\Android Studio\jre\jre\bin\server\jvm.dll
0x00007ffbcc2a0000 - 0x00007ffbcc2a8000 	C:\WINDOWS\System32\PSAPI.DLL
0x00007ffbb3c30000 - 0x00007ffbb3c39000 	C:\WINDOWS\SYSTEM32\WSOCK32.dll
0x00007ffbc65f0000 - 0x00007ffbc6613000 	C:\WINDOWS\SYSTEM32\WINMM.dll
0x00007ffbb8990000 - 0x00007ffbb899a000 	C:\WINDOWS\SYSTEM32\VERSION.dll
0x00007ffbca6f0000 - 0x00007ffbca75c000 	C:\WINDOWS\System32\WS2_32.dll
0x00007ffbc65c0000 - 0x00007ffbc65ea000 	C:\WINDOWS\SYSTEM32\winmmbase.dll
0x00007ffbc98a0000 - 0x00007ffbc98e9000 	C:\WINDOWS\System32\cfgmgr32.dll
0x00007ffbbb400000 - 0x00007ffbbb40f000 	C:\Program Files\Android\Android Studio\jre\jre\bin\verify.dll
0x00007ffbba1e0000 - 0x00007ffbba209000 	C:\Program Files\Android\Android Studio\jre\jre\bin\java.dll
0x00007ffbb7670000 - 0x00007ffbb7686000 	C:\Program Files\Android\Android Studio\jre\jre\bin\zip.dll
0x00007ffbcabe0000 - 0x00007ffbcc020000 	C:\WINDOWS\System32\SHELL32.dll
0x00007ffbc9b50000 - 0x00007ffbc9bf9000 	C:\WINDOWS\System32\shcore.dll
0x00007ffbc8f10000 - 0x00007ffbc961d000 	C:\WINDOWS\System32\windows.storage.dll
0x00007ffbcc230000 - 0x00007ffbcc281000 	C:\WINDOWS\System32\shlwapi.dll
0x00007ffbc8850000 - 0x00007ffbc8861000 	C:\WINDOWS\System32\kernel.appcore.dll
0x00007ffbc8830000 - 0x00007ffbc884f000 	C:\WINDOWS\System32\profapi.dll
0x00007ffbc8890000 - 0x00007ffbc88dc000 	C:\WINDOWS\System32\powrprof.dll
0x00007ffbc88e0000 - 0x00007ffbc88ea000 	C:\WINDOWS\System32\FLTLIB.DLL
0x00007ffbb7650000 - 0x00007ffbb766a000 	C:\Program Files\Android\Android Studio\jre\jre\bin\net.dll
0x00007ffbc7cf0000 - 0x00007ffbc7d56000 	C:\WINDOWS\system32\mswsock.dll
0x00007ffbb7630000 - 0x00007ffbb7641000 	C:\Program Files\Android\Android Studio\jre\jre\bin\nio.dll
0x00007ffbc82f0000 - 0x00007ffbc830e000 	C:\Users\17010233\.gradle\native\25\windows-amd64\native-platform.dll
0x00007ffbba1d0000 - 0x00007ffbba1dd000 	C:\Program Files\Android\Android Studio\jre\jre\bin\management.dll
0x00007ffbc8550000 - 0x00007ffbc8567000 	C:\WINDOWS\SYSTEM32\CRYPTSP.dll
0x00007ffbc78d0000 - 0x00007ffbc7903000 	C:\WINDOWS\system32\rsaenh.dll
0x00007ffbc8350000 - 0x00007ffbc8375000 	C:\WINDOWS\SYSTEM32\bcrypt.dll
0x00007ffbc8730000 - 0x00007ffbc8758000 	C:\WINDOWS\SYSTEM32\USERENV.dll
0x00007ffbc7ea0000 - 0x00007ffbc7eab000 	C:\WINDOWS\SYSTEM32\CRYPTBASE.dll
0x00007ffbc7a70000 - 0x00007ffbc7aa8000 	C:\WINDOWS\SYSTEM32\IPHLPAPI.DLL
0x00007ffbcc290000 - 0x00007ffbcc298000 	C:\WINDOWS\System32\NSI.dll
0x00007ffbc1f30000 - 0x00007ffbc1f46000 	C:\WINDOWS\SYSTEM32\dhcpcsvc6.DLL
0x00007ffbc1f10000 - 0x00007ffbc1f2a000 	C:\WINDOWS\SYSTEM32\dhcpcsvc.DLL
0x00007ffbc7530000 - 0x00007ffbc7561000 	C:\WINDOWS\SYSTEM32\ntmarta.dll

VM Arguments:
jvm_args: -Xmx1536m -Dfile.encoding=windows-1252 -Duser.country=SG -Duser.language=en -Duser.variant 
java_command: org.gradle.launcher.daemon.bootstrap.GradleDaemon 4.1
java_class_path (initial): C:\Users\17010233\.gradle\wrapper\dists\gradle-4.1-all\bzyivzo6n839fup2jbap0tjew\gradle-4.1\lib\gradle-launcher-4.1.jar
Launcher Type: SUN_STANDARD

Environment Variables:
PATH=C:\ProgramData\Oracle\Java\javapath;C:\Program Files (x86)\Python35-32\Scripts\;C:\Program Files (x86)\Python35-32\;C:\Program Files (x86)\Intel\iCLS Client\;C:\Program Files\Intel\iCLS Client\;C:\WINDOWS\system32;C:\WINDOWS;C:\WINDOWS\System32\Wbem;C:\WINDOWS\System32\WindowsPowerShell\v1.0\;C:\Program Files (x86)\Skype\Phone\;C:\Program Files (x86)\GNU\GnuPG\pub;C:\WINDOWS\System32\OpenSSH\;C:\Users\17010233\AppData\Local\Microsoft\WindowsApps;
USERNAME=17010233
OS=Windows_NT
PROCESSOR_IDENTIFIER=Intel64 Family 6 Model 61 Stepping 4, GenuineIntel



---------------  S Y S T E M  ---------------

OS: Windows 10.0 , 64 bit Build 17134 (10.0.17134.1)

CPU:total 4 (initial active 4) (2 cores per cpu, 2 threads per core) family 6 model 61 stepping 4, cmov, cx8, fxsr, mmx, sse, sse2, sse3, ssse3, sse4.1, sse4.2, popcnt, avx, avx2, aes, clmul, erms, 3dnowpref, lzcnt, ht, tsc, tscinvbit, bmi1, bmi2, adx

Memory: 4k page, physical 8288672k(938228k free), swap 11818096k(1428k free)

vm_info: OpenJDK 64-Bit Server VM (25.152-b01) for windows-amd64 JRE (1.8.0_152-release-915-b01), built by "builder" with MS VC++ 10.0 (VS2010)

time: Thu Jan 10 01:42:47 2019
elapsed time: 4525 seconds (0d 1h 15m 25s)

